2024-09-09 09:25:07,905 INFO org.springframework.boot.admin.SpringApplicationAdminMXBeanRegistrar$SpringApplicationAdmin [RMI TCP Connection(5793)-127.0.0.1] Application shutdown requested.
2024-09-09 09:25:08,472 INFO org.apache.juli.logging.DirectJDKLog [RMI TCP Connection(5793)-127.0.0.1] Pausing ProtocolHandler ["http-nio-9998"]
2024-09-09 09:25:08,473 INFO org.apache.juli.logging.DirectJDKLog [RMI TCP Connection(5793)-127.0.0.1] Stopping service [Tomcat]
2024-09-09 09:25:08,628 INFO org.apache.juli.logging.DirectJDKLog [RMI TCP Connection(5793)-127.0.0.1] Destroying Spring FrameworkServlet 'dispatcherServlet'
2024-09-09 09:25:09,105 INFO org.apache.juli.logging.DirectJDKLog [RMI TCP Connection(5793)-127.0.0.1] Stopping ProtocolHandler ["http-nio-9998"]
2024-09-09 09:25:09,116 INFO org.apache.juli.logging.DirectJDKLog [RMI TCP Connection(5793)-127.0.0.1] Destroying ProtocolHandler ["http-nio-9998"]
2024-09-09 09:25:38,316 INFO org.springframework.boot.StartupInfoLogger [main] Starting NwsRoPservicesApplication using Java 17.0.7 on DIAM-ITAMIDWARE with PID 84848 (C:\Users\prasanth.s\Documents\workspaceDIAMTestTwoServices\NWS-ROPservices\target\classes started by prasanth.s in C:\Users\prasanth.s\Documents\workspaceDIAMTestTwoServices\NWS-ROPservices)
2024-09-09 09:25:38,327 INFO org.springframework.boot.SpringApplication [main] No active profile set, falling back to 1 default profile: "default"
2024-09-09 09:25:38,390 INFO org.hibernate.validator.internal.util.Version [background-preinit] HV000001: Hibernate Validator 6.2.5.Final
2024-09-09 09:25:43,587 INFO org.springframework.context.support.PostProcessorRegistrationDelegate$BeanPostProcessorChecker [main] Bean 'org.springframework.ws.config.annotation.DelegatingWsConfiguration' of type [org.springframework.ws.config.annotation.DelegatingWsConfiguration$$EnhancerBySpringCGLIB$$f97ff9cc] is not eligible for getting processed by all BeanPostProcessors (for example: not eligible for auto-proxying)
2024-09-09 09:25:43,732 INFO org.springframework.ws.soap.addressing.server.AbstractAddressingEndpointMapping [main] Supporting [WS-Addressing August 2004, WS-Addressing 1.0]
2024-09-09 09:25:44,738 INFO org.springframework.boot.web.embedded.tomcat.TomcatWebServer [main] Tomcat initialized with port(s): 9998 (http)
2024-09-09 09:25:44,769 INFO org.apache.juli.logging.DirectJDKLog [main] Initializing ProtocolHandler ["http-nio-9998"]
2024-09-09 09:25:44,770 INFO org.apache.juli.logging.DirectJDKLog [main] Starting service [Tomcat]
2024-09-09 09:25:44,771 INFO org.apache.juli.logging.DirectJDKLog [main] Starting Servlet engine: [Apache Tomcat/9.0.71]
2024-09-09 09:25:45,424 INFO org.apache.juli.logging.DirectJDKLog [main] Initializing Spring embedded WebApplicationContext
2024-09-09 09:25:45,429 INFO org.springframework.boot.web.servlet.context.ServletWebServerApplicationContext [main] Root WebApplicationContext: initialization completed in 6865 ms
2024-09-09 09:25:50,640 INFO org.springframework.boot.actuate.endpoint.web.EndpointLinksResolver [main] Exposing 1 endpoint(s) beneath base path '/actuator'
2024-09-09 09:25:50,704 INFO org.apache.juli.logging.DirectJDKLog [main] Starting ProtocolHandler ["http-nio-9998"]
2024-09-09 09:25:50,759 INFO org.springframework.boot.web.embedded.tomcat.TomcatWebServer [main] Tomcat started on port(s): 9998 (http) with context path ''
2024-09-09 09:25:50,795 INFO org.springframework.boot.StartupInfoLogger [main] Started NwsRoPservicesApplication in 13.81 seconds (JVM running for 22.35)
2024-09-09 09:26:13,552 INFO org.apache.juli.logging.DirectJDKLog [http-nio-9998-exec-1] Initializing Spring DispatcherServlet 'dispatcherServlet'
2024-09-09 09:26:13,553 INFO org.springframework.web.servlet.FrameworkServlet [http-nio-9998-exec-1] Initializing Servlet 'dispatcherServlet'
2024-09-09 09:26:13,564 INFO org.springframework.web.servlet.FrameworkServlet [http-nio-9998-exec-1] Completed initialization in 10 ms
2024-09-09 09:30:52,440 INFO org.springframework.test.context.support.AbstractTestContextBootstrapper [main] Neither @ContextConfiguration nor @ContextHierarchy found for test class [com.micit.rop.NwsRoPservicesApplicationTests], using SpringBootContextLoader
2024-09-09 09:30:52,459 INFO org.springframework.test.context.support.AbstractContextLoader [main] Could not detect default resource locations for test class [com.micit.rop.NwsRoPservicesApplicationTests]: no resource found for suffixes {-context.xml, Context.groovy}.
2024-09-09 09:30:52,461 INFO org.springframework.test.context.support.AnnotationConfigContextLoaderUtils [main] Could not detect default configuration classes for test class [com.micit.rop.NwsRoPservicesApplicationTests]: NwsRoPservicesApplicationTests does not declare any static, non-private, non-final, nested classes annotated with @Configuration.
2024-09-09 09:30:53,156 INFO org.springframework.boot.test.context.SpringBootTestContextBootstrapper [main] Found @SpringBootConfiguration com.micit.rop.NwsRoPservicesApplication for test class com.micit.rop.NwsRoPservicesApplicationTests
2024-09-09 09:30:53,755 INFO org.springframework.test.context.support.AbstractTestContextBootstrapper [main] Loaded default TestExecutionListener class names from location [META-INF/spring.factories]: [org.springframework.boot.test.mock.mockito.MockitoTestExecutionListener, org.springframework.boot.test.mock.mockito.ResetMocksTestExecutionListener, org.springframework.boot.test.autoconfigure.restdocs.RestDocsTestExecutionListener, org.springframework.boot.test.autoconfigure.web.client.MockRestServiceServerResetTestExecutionListener, org.springframework.boot.test.autoconfigure.web.servlet.MockMvcPrintOnlyOnFailureTestExecutionListener, org.springframework.boot.test.autoconfigure.web.servlet.WebDriverTestExecutionListener, org.springframework.boot.test.autoconfigure.webservices.client.MockWebServiceServerTestExecutionListener, org.springframework.test.context.web.ServletTestExecutionListener, org.springframework.test.context.support.DirtiesContextBeforeModesTestExecutionListener, org.springframework.test.context.event.ApplicationEventsTestExecutionListener, org.springframework.test.context.support.DependencyInjectionTestExecutionListener, org.springframework.test.context.support.DirtiesContextTestExecutionListener, org.springframework.test.context.transaction.TransactionalTestExecutionListener, org.springframework.test.context.jdbc.SqlScriptsTestExecutionListener, org.springframework.test.context.event.EventPublishingTestExecutionListener]
2024-09-09 09:30:53,857 INFO org.springframework.test.context.support.AbstractTestContextBootstrapper [main] Using TestExecutionListeners: [org.springframework.test.context.web.ServletTestExecutionListener@287f94b1, org.springframework.test.context.support.DirtiesContextBeforeModesTestExecutionListener@30b34287, org.springframework.test.context.event.ApplicationEventsTestExecutionListener@5489c777, org.springframework.boot.test.mock.mockito.MockitoTestExecutionListener@3676ac27, org.springframework.boot.test.autoconfigure.SpringBootDependencyInjectionTestExecutionListener@62f87c44, org.springframework.test.context.support.DirtiesContextTestExecutionListener@48f5bde6, org.springframework.test.context.transaction.TransactionalTestExecutionListener@525d79f0, org.springframework.test.context.jdbc.SqlScriptsTestExecutionListener@5149f008, org.springframework.test.context.event.EventPublishingTestExecutionListener@7072bc39, org.springframework.boot.test.mock.mockito.ResetMocksTestExecutionListener@158d255c, org.springframework.boot.test.autoconfigure.restdocs.RestDocsTestExecutionListener@2ca65ce4, org.springframework.boot.test.autoconfigure.web.client.MockRestServiceServerResetTestExecutionListener@327120c8, org.springframework.boot.test.autoconfigure.web.servlet.MockMvcPrintOnlyOnFailureTestExecutionListener@5707c1cb, org.springframework.boot.test.autoconfigure.web.servlet.WebDriverTestExecutionListener@2b5cb9b2, org.springframework.boot.test.autoconfigure.webservices.client.MockWebServiceServerTestExecutionListener@35038141]
2024-09-09 09:30:56,459 WARN org.springframework.boot.test.json.DuplicateJsonObjectContextCustomizerFactory$DuplicateJsonObjectContextCustomizer [main] 

Found multiple occurrences of org.json.JSONObject on the class path:

	jar:file:/C:/Users/prasanth.s/.m2/repository/com/vaadin/external/google/android-json/0.0.20131108.vaadin1/android-json-0.0.20131108.vaadin1.jar!/org/json/JSONObject.class
	jar:file:/C:/Users/prasanth.s/.m2/repository/org/json/json/20210307/json-20210307.jar!/org/json/JSONObject.class

You may wish to exclude one of them to ensure predictable runtime behavior

2024-09-09 09:30:56,524 INFO org.springframework.boot.StartupInfoLogger [main] Starting NwsRoPservicesApplicationTests using Java 17.0.7 on DIAM-ITAMIDWARE with PID 82688 (started by prasanth.s in C:\Users\prasanth.s\Documents\workspaceDIAMTestTwoServices\NWS-ROPservices)
2024-09-09 09:30:56,527 INFO org.springframework.boot.SpringApplication [main] No active profile set, falling back to 1 default profile: "default"
2024-09-09 09:30:56,694 INFO org.hibernate.validator.internal.util.Version [background-preinit] HV000001: Hibernate Validator 6.2.5.Final
2024-09-09 09:31:08,362 INFO org.springframework.context.support.PostProcessorRegistrationDelegate$BeanPostProcessorChecker [main] Bean 'org.springframework.ws.config.annotation.DelegatingWsConfiguration' of type [org.springframework.ws.config.annotation.DelegatingWsConfiguration$$EnhancerBySpringCGLIB$$9431f59c] is not eligible for getting processed by all BeanPostProcessors (for example: not eligible for auto-proxying)
2024-09-09 09:31:08,921 INFO org.springframework.ws.soap.addressing.server.AbstractAddressingEndpointMapping [main] Supporting [WS-Addressing August 2004, WS-Addressing 1.0]
2024-09-09 09:31:16,421 INFO org.springframework.boot.actuate.endpoint.web.EndpointLinksResolver [main] Exposing 1 endpoint(s) beneath base path '/actuator'
2024-09-09 09:31:16,639 INFO org.springframework.boot.StartupInfoLogger [main] Started NwsRoPservicesApplicationTests in 22.466 seconds (JVM running for 28.127)
2024-09-09 09:44:44,082 INFO org.springframework.test.context.support.AbstractTestContextBootstrapper [main] Neither @ContextConfiguration nor @ContextHierarchy found for test class [com.micit.rop.NwsRoPservicesApplicationTests], using SpringBootContextLoader
2024-09-09 09:44:44,104 INFO org.springframework.test.context.support.AbstractContextLoader [main] Could not detect default resource locations for test class [com.micit.rop.NwsRoPservicesApplicationTests]: no resource found for suffixes {-context.xml, Context.groovy}.
2024-09-09 09:44:44,107 INFO org.springframework.test.context.support.AnnotationConfigContextLoaderUtils [main] Could not detect default configuration classes for test class [com.micit.rop.NwsRoPservicesApplicationTests]: NwsRoPservicesApplicationTests does not declare any static, non-private, non-final, nested classes annotated with @Configuration.
2024-09-09 09:44:44,464 INFO org.springframework.boot.test.context.SpringBootTestContextBootstrapper [main] Found @SpringBootConfiguration com.micit.rop.NwsRoPservicesApplication for test class com.micit.rop.NwsRoPservicesApplicationTests
2024-09-09 09:44:44,862 INFO org.springframework.test.context.support.AbstractTestContextBootstrapper [main] Loaded default TestExecutionListener class names from location [META-INF/spring.factories]: [org.springframework.boot.test.mock.mockito.MockitoTestExecutionListener, org.springframework.boot.test.mock.mockito.ResetMocksTestExecutionListener, org.springframework.boot.test.autoconfigure.restdocs.RestDocsTestExecutionListener, org.springframework.boot.test.autoconfigure.web.client.MockRestServiceServerResetTestExecutionListener, org.springframework.boot.test.autoconfigure.web.servlet.MockMvcPrintOnlyOnFailureTestExecutionListener, org.springframework.boot.test.autoconfigure.web.servlet.WebDriverTestExecutionListener, org.springframework.boot.test.autoconfigure.webservices.client.MockWebServiceServerTestExecutionListener, org.springframework.test.context.web.ServletTestExecutionListener, org.springframework.test.context.support.DirtiesContextBeforeModesTestExecutionListener, org.springframework.test.context.event.ApplicationEventsTestExecutionListener, org.springframework.test.context.support.DependencyInjectionTestExecutionListener, org.springframework.test.context.support.DirtiesContextTestExecutionListener, org.springframework.test.context.transaction.TransactionalTestExecutionListener, org.springframework.test.context.jdbc.SqlScriptsTestExecutionListener, org.springframework.test.context.event.EventPublishingTestExecutionListener]
2024-09-09 09:44:44,913 INFO org.springframework.test.context.support.AbstractTestContextBootstrapper [main] Using TestExecutionListeners: [org.springframework.test.context.web.ServletTestExecutionListener@5c77053b, org.springframework.test.context.support.DirtiesContextBeforeModesTestExecutionListener@26b894bd, org.springframework.test.context.event.ApplicationEventsTestExecutionListener@287f94b1, org.springframework.boot.test.mock.mockito.MockitoTestExecutionListener@30b34287, org.springframework.boot.test.autoconfigure.SpringBootDependencyInjectionTestExecutionListener@5489c777, org.springframework.test.context.support.DirtiesContextTestExecutionListener@3676ac27, org.springframework.test.context.transaction.TransactionalTestExecutionListener@62f87c44, org.springframework.test.context.jdbc.SqlScriptsTestExecutionListener@48f5bde6, org.springframework.test.context.event.EventPublishingTestExecutionListener@525d79f0, org.springframework.boot.test.mock.mockito.ResetMocksTestExecutionListener@5149f008, org.springframework.boot.test.autoconfigure.restdocs.RestDocsTestExecutionListener@7072bc39, org.springframework.boot.test.autoconfigure.web.client.MockRestServiceServerResetTestExecutionListener@158d255c, org.springframework.boot.test.autoconfigure.web.servlet.MockMvcPrintOnlyOnFailureTestExecutionListener@2ca65ce4, org.springframework.boot.test.autoconfigure.web.servlet.WebDriverTestExecutionListener@327120c8, org.springframework.boot.test.autoconfigure.webservices.client.MockWebServiceServerTestExecutionListener@5707c1cb]
2024-09-09 09:44:45,989 WARN org.springframework.boot.test.json.DuplicateJsonObjectContextCustomizerFactory$DuplicateJsonObjectContextCustomizer [main] 

Found multiple occurrences of org.json.JSONObject on the class path:

	jar:file:/C:/Users/prasanth.s/.m2/repository/com/vaadin/external/google/android-json/0.0.20131108.vaadin1/android-json-0.0.20131108.vaadin1.jar!/org/json/JSONObject.class
	jar:file:/C:/Users/prasanth.s/.m2/repository/org/json/json/20210307/json-20210307.jar!/org/json/JSONObject.class

You may wish to exclude one of them to ensure predictable runtime behavior

2024-09-09 09:44:46,065 INFO org.springframework.boot.StartupInfoLogger [main] Starting NwsRoPservicesApplicationTests using Java 17.0.7 on DIAM-ITAMIDWARE with PID 79988 (started by prasanth.s in C:\Users\prasanth.s\Documents\workspaceDIAMTestTwoServices\NWS-ROPservices)
2024-09-09 09:44:46,103 INFO org.hibernate.validator.internal.util.Version [background-preinit] HV000001: Hibernate Validator 6.2.5.Final
2024-09-09 09:44:46,111 INFO org.springframework.boot.SpringApplication [main] No active profile set, falling back to 1 default profile: "default"
2024-09-09 09:44:51,818 INFO org.springframework.context.support.PostProcessorRegistrationDelegate$BeanPostProcessorChecker [main] Bean 'org.springframework.ws.config.annotation.DelegatingWsConfiguration' of type [org.springframework.ws.config.annotation.DelegatingWsConfiguration$$EnhancerBySpringCGLIB$$2584d157] is not eligible for getting processed by all BeanPostProcessors (for example: not eligible for auto-proxying)
2024-09-09 09:44:51,935 INFO org.springframework.ws.soap.addressing.server.AbstractAddressingEndpointMapping [main] Supporting [WS-Addressing August 2004, WS-Addressing 1.0]
2024-09-09 09:44:56,574 INFO org.springframework.boot.actuate.endpoint.web.EndpointLinksResolver [main] Exposing 1 endpoint(s) beneath base path '/actuator'
2024-09-09 09:44:56,741 INFO org.springframework.boot.StartupInfoLogger [main] Started NwsRoPservicesApplicationTests in 11.572 seconds (JVM running for 15.512)
2024-09-09 09:52:50,498 INFO org.springframework.boot.admin.SpringApplicationAdminMXBeanRegistrar$SpringApplicationAdmin [RMI TCP Connection(33)-127.0.0.1] Application shutdown requested.
2024-09-09 09:52:50,617 INFO org.apache.juli.logging.DirectJDKLog [RMI TCP Connection(33)-127.0.0.1] Pausing ProtocolHandler ["http-nio-9998"]
2024-09-09 09:52:50,618 INFO org.apache.juli.logging.DirectJDKLog [RMI TCP Connection(33)-127.0.0.1] Stopping service [Tomcat]
2024-09-09 09:52:50,624 INFO org.apache.juli.logging.DirectJDKLog [RMI TCP Connection(33)-127.0.0.1] Destroying Spring FrameworkServlet 'dispatcherServlet'
2024-09-09 09:52:51,056 INFO org.apache.juli.logging.DirectJDKLog [RMI TCP Connection(33)-127.0.0.1] Stopping ProtocolHandler ["http-nio-9998"]
2024-09-09 09:52:51,067 INFO org.apache.juli.logging.DirectJDKLog [RMI TCP Connection(33)-127.0.0.1] Destroying ProtocolHandler ["http-nio-9998"]
